<?xml version="1.0" encoding="UTF-8"?>
<!-- Generated by org.testng.reporters.JUnitReportReporter -->
<testsuite skipped="0" hostname="HC-UT40051C" name="testScripts.LoginFeatureTests" tests="1" failures="0" timestamp="03 Oct 2018 09:04:58 GMT" time="33.257" errors="0">
  <testcase name="testLogin" time="33.257" classname="testScripts.LoginFeatureTests"/>
</testsuite> <!-- testScripts.LoginFeatureTests -->
