<?xml version="1.0" encoding="UTF-8"?>
<!-- Generated by org.testng.reporters.JUnitReportReporter -->
<testsuite skipped="0" hostname="HC-UT40051C" name="com.bosch.test.login.LoginFeatureTests" tests="1" failures="0" timestamp="03 Oct 2018 10:30:36 GMT" time="31.759" errors="0">
  <testcase name="testLogin" time="31.759" classname="com.bosch.test.login.LoginFeatureTests"/>
</testsuite> <!-- com.bosch.test.login.LoginFeatureTests -->
