<?xml version="1.0" encoding="UTF-8"?>
<!-- Generated by org.testng.reporters.JUnitReportReporter -->
<testsuite skipped="0" hostname="HC-UT40051C" name="testScripts.CreateAPIKeyTests" tests="1" failures="0" timestamp="02 Oct 2018 09:43:18 GMT" time="55.891" errors="0">
  <testcase name="testCreateAPIKey" time="55.891" classname="testScripts.CreateAPIKeyTests"/>
</testsuite> <!-- testScripts.CreateAPIKeyTests -->
