<?xml version="1.0" encoding="UTF-8"?>
<!-- Generated by org.testng.reporters.JUnitReportReporter -->
<testsuite skipped="0" hostname="HC-UT40051C" name="com.bosch.test.login.LoginTest" tests="1" failures="0" timestamp="04 Oct 2018 10:09:20 GMT" time="20.793" errors="0">
  <testcase name="login_DescriptiveProgramming" time="20.793" classname="com.bosch.test.login.LoginTest"/>
</testsuite> <!-- com.bosch.test.login.LoginTest -->
